          1 file(s) copied.
          1 file(s) copied.
          1 file(s) copied.
          1 file(s) copied.
          1 file(s) copied.
  stdafx.cpp
  WorkingTable.cpp
c:\users\rob\documents\visual studio 2015\projects\dbconnection\dbconnection\cppconn\sqlstring.h(39): warning C4251: 'sql::SQLString::realStr': class 'std::basic_string<char,std::char_traits<char>,std::allocator<char>>' needs to have dll-interface to be used by clients of class 'sql::SQLString'
  c:\program files (x86)\microsoft visual studio 14.0\vc\include\xstring(2633): note: see declaration of 'std::basic_string<char,std::char_traits<char>,std::allocator<char>>'
c:\users\rob\documents\visual studio 2015\projects\dbconnection\dbconnection\cppconn\exception.h(61): warning C4251: 'sql::SQLException::sql_state': class 'std::basic_string<char,std::char_traits<char>,std::allocator<char>>' needs to have dll-interface to be used by clients of class 'sql::SQLException'
  c:\program files (x86)\microsoft visual studio 14.0\vc\include\xstring(2633): note: see declaration of 'std::basic_string<char,std::char_traits<char>,std::allocator<char>>'
c:\users\rob\documents\visual studio 2015\projects\dbconnection\dbconnection\cppconn\exception.h(145): warning C4251: 'sql::SQLUnsupportedOptionException::option': class 'std::basic_string<char,std::char_traits<char>,std::allocator<char>>' needs to have dll-interface to be used by clients of struct 'sql::SQLUnsupportedOptionException'
  c:\program files (x86)\microsoft visual studio 14.0\vc\include\xstring(2633): note: see declaration of 'std::basic_string<char,std::char_traits<char>,std::allocator<char>>'
c:\users\rob\documents\visual studio 2015\projects\wattsapp-topup\wattsapp-topup\workingtable.cpp(192): warning C4101: 'e': unreferenced local variable
  WATTSAPP-TopUp.cpp
c:\users\rob\documents\visual studio 2015\projects\dbconnection\dbconnection\cppconn\sqlstring.h(39): warning C4251: 'sql::SQLString::realStr': class 'std::basic_string<char,std::char_traits<char>,std::allocator<char>>' needs to have dll-interface to be used by clients of class 'sql::SQLString'
  c:\program files (x86)\microsoft visual studio 14.0\vc\include\xstring(2633): note: see declaration of 'std::basic_string<char,std::char_traits<char>,std::allocator<char>>'
c:\users\rob\documents\visual studio 2015\projects\dbconnection\dbconnection\cppconn\exception.h(61): warning C4251: 'sql::SQLException::sql_state': class 'std::basic_string<char,std::char_traits<char>,std::allocator<char>>' needs to have dll-interface to be used by clients of class 'sql::SQLException'
  c:\program files (x86)\microsoft visual studio 14.0\vc\include\xstring(2633): note: see declaration of 'std::basic_string<char,std::char_traits<char>,std::allocator<char>>'
c:\users\rob\documents\visual studio 2015\projects\dbconnection\dbconnection\cppconn\exception.h(145): warning C4251: 'sql::SQLUnsupportedOptionException::option': class 'std::basic_string<char,std::char_traits<char>,std::allocator<char>>' needs to have dll-interface to be used by clients of struct 'sql::SQLUnsupportedOptionException'
  c:\program files (x86)\microsoft visual studio 14.0\vc\include\xstring(2633): note: see declaration of 'std::basic_string<char,std::char_traits<char>,std::allocator<char>>'
  Team.cpp
c:\users\rob\documents\visual studio 2015\projects\dbconnection\dbconnection\cppconn\sqlstring.h(39): warning C4251: 'sql::SQLString::realStr': class 'std::basic_string<char,std::char_traits<char>,std::allocator<char>>' needs to have dll-interface to be used by clients of class 'sql::SQLString'
  c:\program files (x86)\microsoft visual studio 14.0\vc\include\xstring(2633): note: see declaration of 'std::basic_string<char,std::char_traits<char>,std::allocator<char>>'
c:\users\rob\documents\visual studio 2015\projects\dbconnection\dbconnection\cppconn\exception.h(61): warning C4251: 'sql::SQLException::sql_state': class 'std::basic_string<char,std::char_traits<char>,std::allocator<char>>' needs to have dll-interface to be used by clients of class 'sql::SQLException'
  c:\program files (x86)\microsoft visual studio 14.0\vc\include\xstring(2633): note: see declaration of 'std::basic_string<char,std::char_traits<char>,std::allocator<char>>'
c:\users\rob\documents\visual studio 2015\projects\dbconnection\dbconnection\cppconn\exception.h(145): warning C4251: 'sql::SQLUnsupportedOptionException::option': class 'std::basic_string<char,std::char_traits<char>,std::allocator<char>>' needs to have dll-interface to be used by clients of struct 'sql::SQLUnsupportedOptionException'
  c:\program files (x86)\microsoft visual studio 14.0\vc\include\xstring(2633): note: see declaration of 'std::basic_string<char,std::char_traits<char>,std::allocator<char>>'
  TableSafe.cpp
c:\users\rob\documents\visual studio 2015\projects\dbconnection\dbconnection\cppconn\sqlstring.h(39): warning C4251: 'sql::SQLString::realStr': class 'std::basic_string<char,std::char_traits<char>,std::allocator<char>>' needs to have dll-interface to be used by clients of class 'sql::SQLString'
  c:\program files (x86)\microsoft visual studio 14.0\vc\include\xstring(2633): note: see declaration of 'std::basic_string<char,std::char_traits<char>,std::allocator<char>>'
c:\users\rob\documents\visual studio 2015\projects\dbconnection\dbconnection\cppconn\exception.h(61): warning C4251: 'sql::SQLException::sql_state': class 'std::basic_string<char,std::char_traits<char>,std::allocator<char>>' needs to have dll-interface to be used by clients of class 'sql::SQLException'
  c:\program files (x86)\microsoft visual studio 14.0\vc\include\xstring(2633): note: see declaration of 'std::basic_string<char,std::char_traits<char>,std::allocator<char>>'
c:\users\rob\documents\visual studio 2015\projects\dbconnection\dbconnection\cppconn\exception.h(145): warning C4251: 'sql::SQLUnsupportedOptionException::option': class 'std::basic_string<char,std::char_traits<char>,std::allocator<char>>' needs to have dll-interface to be used by clients of struct 'sql::SQLUnsupportedOptionException'
  c:\program files (x86)\microsoft visual studio 14.0\vc\include\xstring(2633): note: see declaration of 'std::basic_string<char,std::char_traits<char>,std::allocator<char>>'
  Rule.cpp
c:\users\rob\documents\visual studio 2015\projects\dbconnection\dbconnection\cppconn\sqlstring.h(39): warning C4251: 'sql::SQLString::realStr': class 'std::basic_string<char,std::char_traits<char>,std::allocator<char>>' needs to have dll-interface to be used by clients of class 'sql::SQLString'
  c:\program files (x86)\microsoft visual studio 14.0\vc\include\xstring(2633): note: see declaration of 'std::basic_string<char,std::char_traits<char>,std::allocator<char>>'
c:\users\rob\documents\visual studio 2015\projects\dbconnection\dbconnection\cppconn\exception.h(61): warning C4251: 'sql::SQLException::sql_state': class 'std::basic_string<char,std::char_traits<char>,std::allocator<char>>' needs to have dll-interface to be used by clients of class 'sql::SQLException'
  c:\program files (x86)\microsoft visual studio 14.0\vc\include\xstring(2633): note: see declaration of 'std::basic_string<char,std::char_traits<char>,std::allocator<char>>'
c:\users\rob\documents\visual studio 2015\projects\dbconnection\dbconnection\cppconn\exception.h(145): warning C4251: 'sql::SQLUnsupportedOptionException::option': class 'std::basic_string<char,std::char_traits<char>,std::allocator<char>>' needs to have dll-interface to be used by clients of struct 'sql::SQLUnsupportedOptionException'
  c:\program files (x86)\microsoft visual studio 14.0\vc\include\xstring(2633): note: see declaration of 'std::basic_string<char,std::char_traits<char>,std::allocator<char>>'
  Pool.cpp
c:\users\rob\documents\visual studio 2015\projects\dbconnection\dbconnection\cppconn\sqlstring.h(39): warning C4251: 'sql::SQLString::realStr': class 'std::basic_string<char,std::char_traits<char>,std::allocator<char>>' needs to have dll-interface to be used by clients of class 'sql::SQLString'
  c:\program files (x86)\microsoft visual studio 14.0\vc\include\xstring(2633): note: see declaration of 'std::basic_string<char,std::char_traits<char>,std::allocator<char>>'
c:\users\rob\documents\visual studio 2015\projects\dbconnection\dbconnection\cppconn\exception.h(61): warning C4251: 'sql::SQLException::sql_state': class 'std::basic_string<char,std::char_traits<char>,std::allocator<char>>' needs to have dll-interface to be used by clients of class 'sql::SQLException'
  c:\program files (x86)\microsoft visual studio 14.0\vc\include\xstring(2633): note: see declaration of 'std::basic_string<char,std::char_traits<char>,std::allocator<char>>'
c:\users\rob\documents\visual studio 2015\projects\dbconnection\dbconnection\cppconn\exception.h(145): warning C4251: 'sql::SQLUnsupportedOptionException::option': class 'std::basic_string<char,std::char_traits<char>,std::allocator<char>>' needs to have dll-interface to be used by clients of struct 'sql::SQLUnsupportedOptionException'
  c:\program files (x86)\microsoft visual studio 14.0\vc\include\xstring(2633): note: see declaration of 'std::basic_string<char,std::char_traits<char>,std::allocator<char>>'
  Janitor.cpp
c:\users\rob\documents\visual studio 2015\projects\dbconnection\dbconnection\cppconn\sqlstring.h(39): warning C4251: 'sql::SQLString::realStr': class 'std::basic_string<char,std::char_traits<char>,std::allocator<char>>' needs to have dll-interface to be used by clients of class 'sql::SQLString'
  c:\program files (x86)\microsoft visual studio 14.0\vc\include\xstring(2633): note: see declaration of 'std::basic_string<char,std::char_traits<char>,std::allocator<char>>'
c:\users\rob\documents\visual studio 2015\projects\dbconnection\dbconnection\cppconn\exception.h(61): warning C4251: 'sql::SQLException::sql_state': class 'std::basic_string<char,std::char_traits<char>,std::allocator<char>>' needs to have dll-interface to be used by clients of class 'sql::SQLException'
  c:\program files (x86)\microsoft visual studio 14.0\vc\include\xstring(2633): note: see declaration of 'std::basic_string<char,std::char_traits<char>,std::allocator<char>>'
c:\users\rob\documents\visual studio 2015\projects\dbconnection\dbconnection\cppconn\exception.h(145): warning C4251: 'sql::SQLUnsupportedOptionException::option': class 'std::basic_string<char,std::char_traits<char>,std::allocator<char>>' needs to have dll-interface to be used by clients of struct 'sql::SQLUnsupportedOptionException'
  c:\program files (x86)\microsoft visual studio 14.0\vc\include\xstring(2633): note: see declaration of 'std::basic_string<char,std::char_traits<char>,std::allocator<char>>'
  Distributor.cpp
c:\users\rob\documents\visual studio 2015\projects\dbconnection\dbconnection\cppconn\sqlstring.h(39): warning C4251: 'sql::SQLString::realStr': class 'std::basic_string<char,std::char_traits<char>,std::allocator<char>>' needs to have dll-interface to be used by clients of class 'sql::SQLString'
  c:\program files (x86)\microsoft visual studio 14.0\vc\include\xstring(2633): note: see declaration of 'std::basic_string<char,std::char_traits<char>,std::allocator<char>>'
c:\users\rob\documents\visual studio 2015\projects\dbconnection\dbconnection\cppconn\exception.h(61): warning C4251: 'sql::SQLException::sql_state': class 'std::basic_string<char,std::char_traits<char>,std::allocator<char>>' needs to have dll-interface to be used by clients of class 'sql::SQLException'
  c:\program files (x86)\microsoft visual studio 14.0\vc\include\xstring(2633): note: see declaration of 'std::basic_string<char,std::char_traits<char>,std::allocator<char>>'
c:\users\rob\documents\visual studio 2015\projects\dbconnection\dbconnection\cppconn\exception.h(145): warning C4251: 'sql::SQLUnsupportedOptionException::option': class 'std::basic_string<char,std::char_traits<char>,std::allocator<char>>' needs to have dll-interface to be used by clients of struct 'sql::SQLUnsupportedOptionException'
  c:\program files (x86)\microsoft visual studio 14.0\vc\include\xstring(2633): note: see declaration of 'std::basic_string<char,std::char_traits<char>,std::allocator<char>>'
  ConnectionDetails.cpp
  Generating Code...
  WATTSAPP-TopUp.vcxproj -> C:\Users\rob\Documents\Visual Studio 2015\Projects\WATTSAPP-TopUp\Debug\WATTSAPP-TopUp.exe
  WATTSAPP-TopUp.vcxproj -> C:\Users\rob\Documents\Visual Studio 2015\Projects\WATTSAPP-TopUp\Debug\WATTSAPP-TopUp.pdb (Full PDB)
